27.05.2023 13:40:20	Этот журнал содержит сведения об операции импорта схемы в проект "SportPortal" на компьютере "02A9", выполненной пользователем "igor".
27.05.2023 13:40:20	Импорт схемы базы данных начат.
27.05.2023 13:40:26	Идет сбор имен входа
27.05.2023 13:40:31	Идет сбор учетных данных для базы данных
27.05.2023 13:40:31	Идет сбор параметров базы данных
27.05.2023 13:40:31	Собирается параметр конфигурации области универсальной базы данных
27.05.2023 13:40:31	Идет сбор пользователей
27.05.2023 13:40:31	Идет сбор ролей
27.05.2023 13:40:31	Идет сбор ролей приложений
27.05.2023 13:40:31	Идет сбор членств ролей
27.05.2023 13:40:31	Идет сбор файловых групп
27.05.2023 13:40:31	Идет сбор полнотекстовых каталогов
27.05.2023 13:40:31	Идет сбор сборок
27.05.2023 13:40:31	Идет сбор сертификатов
27.05.2023 13:40:31	Идет сбор симметричных ключей
27.05.2023 13:40:31	Идет сбор зашифрованных симметричных ключей
27.05.2023 13:40:31	Идет сбор схем
27.05.2023 13:40:31	Идет сбор коллекции схем XML
27.05.2023 13:40:31	Идет сбор определяемых пользователем типов данных
27.05.2023 13:40:31	Идет сбор определяемых пользователем типов
27.05.2023 13:40:31	Идет сбор табличных типов
27.05.2023 13:40:31	Сбор уникальных ключей для табличных типов
27.05.2023 13:40:31	Идет сбор первичных ключей для табличных типов
27.05.2023 13:40:31	Сбор индексов для табличных типов
27.05.2023 13:40:31	Идет сбор проверочных ограничений для табличных типов
27.05.2023 13:40:31	Идет сбор ограничений по умолчанию для табличных типов
27.05.2023 13:40:31	Идет сбор функций секционирования
27.05.2023 13:40:31	Идет сбор схем секционирования
27.05.2023 13:40:31	Идет сбор функций
27.05.2023 13:40:31	Сбор зашифрованных функций
27.05.2023 13:40:31	Идет сбор статистических выражений
27.05.2023 13:40:31	Идет сбор процедур
27.05.2023 13:40:31	Сбор зашифрованных процедур
27.05.2023 13:40:31	Идет сбор таблиц
27.05.2023 13:40:31	Идет сбор первичных ключей
27.05.2023 13:40:31	Идет сбор ограничений уникальности
27.05.2023 13:40:31	Идет сбор внешних ключей
27.05.2023 13:40:31	Идет сбор ограничений по умолчанию
27.05.2023 13:40:31	Идет сбор проверочных ограничений
27.05.2023 13:40:31	Идет сбор представлений
27.05.2023 13:40:31	Сбор зашифрованных представлений
27.05.2023 13:40:31	Идет сбор индексов
27.05.2023 13:40:31	Идет сбор статистики
27.05.2023 13:40:31	Идет сбор списков стоп-слов полнотекстовых индексов
27.05.2023 13:40:31	Сбор списков свойств поиска
27.05.2023 13:40:31	Сбор свойств поиска
27.05.2023 13:40:31	Идет сбор полнотекстовых индексов
27.05.2023 13:40:31	Сбор индексов хранилища столбцов
27.05.2023 13:40:31	Идет сбор пространственных индексов
27.05.2023 13:40:31	Идет сбор XML-индексов
27.05.2023 13:40:31	Сбор селективных XML-индексов
27.05.2023 13:40:31	Сбор зашифрованных триггеров
27.05.2023 13:40:31	Идет сбор триггеров
27.05.2023 13:40:31	Идет сбор зашифрованных триггеров и триггеров ddl clr
27.05.2023 13:40:31	Идет сбор триггеров ddl
27.05.2023 13:40:31	Создание ограничений границы
27.05.2023 13:40:31	Идет сбор синонимов
27.05.2023 13:40:31	Идет сбор значений по умолчанию
27.05.2023 13:40:31	Идет сбор привязок uddt ограничений данных
27.05.2023 13:40:31	Идет сбор правил
27.05.2023 13:40:31	Идет сбор привязок uddt ограничений данных
27.05.2023 13:40:32	Идет сбор типов сообщений
27.05.2023 13:40:32	Идет сбор списков ожидания
27.05.2023 13:40:32	Идет сбор контрактов
27.05.2023 13:40:32	Идет сбор служб
27.05.2023 13:40:32	Идет сбор уведомлений о событиях
27.05.2023 13:40:32	Идет сбор привязок удаленных служб
27.05.2023 13:40:32	Идет сбор приоритетов брокера
27.05.2023 13:40:32	Идет сбор подписей
27.05.2023 13:40:32	Идет сбор параметров сжатия данных
27.05.2023 13:40:32	Сбор типов последовательностей
27.05.2023 13:40:32	Идет сбор политик безопасности
27.05.2023 13:40:32	Сбор ключей шифрования столбцов
27.05.2023 13:40:32	Сбор главных ключей столбцов
27.05.2023 13:40:32	Выполняется сбор внешних источников данных
27.05.2023 13:40:32	Выполняется сбор внешних таблиц
27.05.2023 13:40:32	Идет сбор расширенных свойств
27.05.2023 13:40:32	Идет сбор сборок
27.05.2023 13:40:33	Идет сбор имен входа
27.05.2023 13:40:34	Выполняется проверка проекта на наличие повторяющихся элементов
27.05.2023 13:40:34	Обработка повторяющегося элемента завершена
27.05.2023 13:40:36	Импорт базы данных завершен.
27.05.2023 13:40:36	summary операции импорта была сохранена по следующему пути: C:\Users\igor\source\Repos\SportPortal\SportPortal\Журналы импорта схем\SportPortal_20230527104020.log
27.05.2023 13:40:36	Для продолжения нажмите кнопку ''Готово''...
